\BOOKMARK [0][-]{chapter.1}{\376\377\230\204\131\007\167\345\213\306}{}% 1
\BOOKMARK [1][-]{section.1.1}{\376\377\173\111\116\367\174\173}{chapter.1}% 2
\BOOKMARK [1][-]{section.1.2}{\376\377\232\330\145\257\155\210\121\103\154\325}{chapter.1}% 3
\BOOKMARK [1][-]{section.1.3}{\376\377\127\372\147\054\116\343\145\160\176\323\147\204}{chapter.1}% 4
\BOOKMARK [0][-]{chapter.2}{\376\377\176\277\140\047\172\172\225\364}{}% 5
\BOOKMARK [1][-]{section.2.1}{\376\377\176\277\140\047\172\172\225\364\166\204\133\232\116\111}{chapter.2}% 6
\BOOKMARK [1][-]{section.2.2}{\376\377\176\277\140\047\133\120\172\172\225\364}{chapter.2}% 7
\BOOKMARK [1][-]{section.2.3}{\376\377\131\015\145\160\116\016\176\277\140\047\172\172\225\364}{chapter.2}% 8
\BOOKMARK [0][-]{chapter.3}{\376\377\147\011\226\120\176\364\176\277\140\047\172\172\225\364}{}% 9
\BOOKMARK [1][-]{section.3.1}{\376\377\176\277\140\047\142\151\137\040}{chapter.3}% 10
\BOOKMARK [1][-]{section.3.2}{\376\377\176\277\140\047\166\370\121\163\140\047}{chapter.3}% 11
\BOOKMARK [1][-]{section.3.3}{\376\377\127\372\116\016\176\364\145\160}{chapter.3}% 12
\BOOKMARK [0][-]{chapter.4}{\376\377\176\277\140\047\172\172\225\364\166\204\217\320\173\227}{}% 13
\BOOKMARK [1][-]{section.4.1}{\376\377\176\277\140\047\172\172\225\364\166\204\116\244\060\001\136\166\060\001\124\214}{chapter.4}% 14
\BOOKMARK [1][-]{section.4.2}{\376\377\176\277\140\047\172\172\225\364\166\204\166\364\124\214}{chapter.4}% 15
\BOOKMARK [1][-]{section.4.3}{\376\377\176\364\145\160\121\154\137\017}{chapter.4}% 16
\BOOKMARK [1][-]{section.4.4}{\376\377\176\277\140\047\172\172\225\364\166\204\171\357}{chapter.4}% 17
\BOOKMARK [0][-]{chapter.5}{\376\377\176\277\140\047\146\040\134\004}{}% 18
\BOOKMARK [1][-]{section.5.1}{\376\377\176\277\140\047\146\040\134\004\166\204\133\232\116\111}{chapter.5}% 19
\BOOKMARK [1][-]{section.5.2}{\376\377\176\277\140\047\146\040\134\004\166\204\170\156\133\232}{chapter.5}% 20
\BOOKMARK [1][-]{section.5.3}{\376\377\176\277\140\047\146\040\134\004\166\204\120\317\116\016\150\070}{chapter.5}% 21
\BOOKMARK [1][-]{section.5.4}{\376\377\176\277\140\047\146\040\134\004\166\204\167\351\226\065\210\150\171\072}{chapter.5}% 22
\BOOKMARK [0][-]{chapter.6}{\376\377\176\277\140\047\146\040\134\004\127\372\147\054\133\232\164\006}{}% 23
\BOOKMARK [1][-]{section.6.1}{\376\377\176\277\140\047\146\040\134\004\166\204\171\351}{chapter.6}% 24
\BOOKMARK [1][-]{section.6.2}{\376\377\176\277\140\047\146\040\134\004\127\372\147\054\133\232\164\006}{chapter.6}% 25
\BOOKMARK [1][-]{section.6.3}{\376\377\120\317\116\016\150\070\166\204\217\333\116\000\153\145\213\250\213\272}{chapter.6}% 26
\BOOKMARK [1][-]{section.6.4}{\376\377\123\357\220\006\116\016\124\014\147\204}{chapter.6}% 27
\BOOKMARK [0][-]{chapter.7}{\376\377\125\106\172\172\225\364\116\016\133\371\120\166}{}% 28
\BOOKMARK [0][-]{chapter.8}{\376\377\167\351\226\065\127\372\147\054\217\320\173\227}{}% 29
\BOOKMARK [1][-]{section.8.1}{\376\377\167\351\226\065\127\372\147\054\217\320\173\227}{chapter.8}% 30
\BOOKMARK [1][-]{section.8.2}{\376\377\167\351\226\065\217\154\177\156}{chapter.8}% 31
\BOOKMARK [1][-]{section.8.3}{\376\377\122\035\173\111\167\351\226\065}{chapter.8}% 32
\BOOKMARK [1][-]{section.8.4}{\376\377\167\351\226\065\166\204\220\006}{chapter.8}% 33
\BOOKMARK [1][-]{section.8.5}{\376\377\167\351\226\065\166\204\220\006\166\204\154\102\211\343}{chapter.8}% 34
\BOOKMARK [0][-]{chapter.9}{\376\377\167\351\226\065\217\320\173\227\217\333\226\066}{}% 35
\BOOKMARK [1][-]{section.9.1}{\376\377\162\171\153\212\167\351\226\065}{chapter.9}% 36
\BOOKMARK [1][-]{section.9.2}{\376\377\122\006\127\127\167\351\226\065}{chapter.9}% 37
\BOOKMARK [1][-]{section.9.3}{\376\377\167\351\226\065\166\204\136\102}{chapter.9}% 38
\BOOKMARK [0][-]{chapter.10}{\376\377\167\351\226\065\166\204\171\351}{}% 39
\BOOKMARK [1][-]{section.10.1}{\376\377\167\351\226\065\166\204\171\351}{chapter.10}% 40
\BOOKMARK [1][-]{section.10.2}{\376\377\166\370\142\265\150\007\121\306\137\142}{chapter.10}% 41
\BOOKMARK [1][-]{section.10.3}{\376\377\171\351\116\015\173\111\137\017}{chapter.10}% 42
\BOOKMARK [0][-]{chapter.11}{\376\377\210\114\122\027\137\017\377\010\000I\377\011}{}% 43
\BOOKMARK [1][-]{section.11.1}{\376\377\210\114\122\027\137\017\166\204\121\340\171\315\133\232\116\111}{chapter.11}% 44
\BOOKMARK [1][-]{section.11.2}{\376\377\210\114\122\027\137\017\166\204\127\372\147\054\217\320\173\227}{chapter.11}% 45
\BOOKMARK [1][-]{section.11.3}{\376\377\117\064\226\217\167\351\226\065}{chapter.11}% 46
\BOOKMARK [1][-]{section.11.4}{\376\377\000C\000r\000a\000m\000e\000r\154\325\122\031}{chapter.11}% 47
\BOOKMARK [1][-]{section.11.5}{\376\377\210\114\122\027\137\017\166\204\171\351}{chapter.11}% 48
\BOOKMARK [0][-]{chapter.12}{\376\377\210\114\122\027\137\017\213\241\173\227\217\333\226\066}{}% 49
\BOOKMARK [0][-]{chapter.13}{\376\377\147\035\202\261\131\025\142\376}{}% 50
\BOOKMARK [1][-]{section.13.1}{\376\377\176\277\140\047\145\271\172\013\176\304\211\343\166\204\116\000\202\054\164\006\213\272}{chapter.13}% 51
\BOOKMARK [1][-]{section.13.2}{\376\377\164\006\213\272\136\224\165\050}{chapter.13}% 52
\BOOKMARK [1][-]{section.13.3}{\376\377\176\277\140\047\145\271\172\013\176\304\142\323\134\125\230\230\127\213}{chapter.13}% 53
\BOOKMARK [0][-]{chapter.14}{\376\377\131\032\230\171\137\017}{}% 54
\BOOKMARK [1][-]{section.14.1}{\376\377\131\032\230\171\137\017\166\204\133\232\116\111}{chapter.14}% 55
\BOOKMARK [1][-]{section.14.2}{\376\377\136\046\117\131\226\144\154\325}{chapter.14}% 56
\BOOKMARK [1][-]{section.14.3}{\376\377\116\343\145\160\133\146\127\372\147\054\133\232\164\006}{chapter.14}% 57
\BOOKMARK [0][-]{chapter.15}{\376\377\116\015\123\330\133\120\172\172\225\364}{}% 58
\BOOKMARK [1][-]{section.15.1}{\376\377\116\015\123\330\133\120\172\172\225\364\166\204\133\232\116\111}{chapter.15}% 59
\BOOKMARK [1][-]{section.15.2}{\376\377\162\171\137\201\120\074\116\016\162\171\137\201\131\032\230\171\137\017}{chapter.15}% 60
\BOOKMARK [1][-]{section.15.3}{\376\377\162\171\137\201\124\021\221\317\116\016\162\171\137\201\133\120\172\172\225\364}{chapter.15}% 61
\BOOKMARK [0][-]{chapter.16}{\376\377\166\370\117\074\150\007\121\306\137\142}{}% 62
\BOOKMARK [1][-]{section.16.1}{\376\377\116\012\116\011\211\322\167\351\226\065}{chapter.16}% 63
\BOOKMARK [1][-]{section.16.2}{\376\377\133\371\211\322\167\351\226\065}{chapter.16}% 64
\BOOKMARK [1][-]{section.16.3}{\376\377\122\006\127\127\133\371\211\322\167\351\226\065}{chapter.16}% 65
\BOOKMARK [0][-]{chapter.17}{\376\377\131\032\230\171\137\017\166\204\217\333\116\000\153\145\213\250\213\272}{}% 66
\BOOKMARK [1][-]{section.17.1}{\376\377\162\171\137\201\131\032\230\171\137\017\116\016\147\201\134\017\131\032\230\171\137\017}{chapter.17}% 67
\BOOKMARK [1][-]{section.17.2}{\376\377\124\310\133\306\230\177\000-\121\357\203\261\133\232\164\006}{chapter.17}% 68
\BOOKMARK [1][-]{section.17.3}{\376\377\131\032\230\171\137\017\116\016\150\007\121\306\137\142}{chapter.17}% 69
\BOOKMARK [0][-]{chapter.18}{\376\377\202\345\137\123\150\007\121\306\137\142}{}% 70
\BOOKMARK [1][-]{section.18.1}{\376\377\202\345\137\123\150\007\121\306\137\142\166\204\133\130\127\050}{chapter.18}% 71
\BOOKMARK [1][-]{section.18.2}{\376\377\202\345\137\123\150\007\121\306\137\142\166\204\154\102\154\325}{chapter.18}% 72
\BOOKMARK [1][-]{section.18.3}{\376\377\202\345\137\123\150\007\121\306\137\142\166\204\136\224\165\050}{chapter.18}% 73
\BOOKMARK [0][-]{chapter.19}{\376\377\121\205\171\357\172\172\225\364}{}% 74
\BOOKMARK [1][-]{section.19.1}{\376\377\121\205\171\357\124\214\203\003\145\160}{chapter.19}% 75
\BOOKMARK [1][-]{section.19.2}{\376\377\150\007\121\306\153\143\116\244\127\372}{chapter.19}% 76
\BOOKMARK [1][-]{section.19.3}{\376\377\153\143\116\244\210\145}{chapter.19}% 77
\BOOKMARK [0][-]{chapter.20}{\376\377\121\205\171\357\172\172\225\364\116\012\166\204\173\227\133\120\377\010\000I\377\011}{}% 78
\BOOKMARK [1][-]{section.20.1}{\376\377\153\143\116\244\167\351\226\065\124\214\221\111\167\351\226\065}{chapter.20}% 79
\BOOKMARK [1][-]{section.20.2}{\376\377\153\143\133\232\167\351\226\065}{chapter.20}% 80
\BOOKMARK [0][-]{chapter.21}{\376\377\121\205\171\357\172\172\225\364\116\012\166\204\173\227\133\120\377\010\000I\000I\377\011}{}% 81
\BOOKMARK [1][-]{section.21.1}{\376\377\201\352\117\064\173\227\133\120\124\214\153\143\211\304\173\227\133\120}{chapter.21}% 82
\BOOKMARK [1][-]{section.21.2}{\376\377\214\061\133\232\164\006}{chapter.21}% 83
\BOOKMARK [0][-]{chapter.22}{\376\377\147\201\122\006\211\343\116\016\131\107\137\002\120\074\122\006\211\343}{}% 84
\BOOKMARK [0][-]{chapter.23}{\376\377\133\236\172\172\225\364\116\012\166\204\173\227\133\120}{}% 85
\BOOKMARK [0][-]{chapter.24}{\376\377\210\114\122\027\137\017\377\010\000I\000I\377\011}{}% 86
\BOOKMARK [0][-]{chapter.25}{\376\377\176\277\140\047\116\343\145\160\116\016\211\343\147\220\121\340\117\125\127\372\170\100}{}% 87
\BOOKMARK [0][-]{chapter.26}{\376\377\116\214\153\041\127\213}{}% 88
\BOOKMARK [1][-]{section.26.1}{\376\377\123\314\176\277\140\047\121\375\145\160}{chapter.26}% 89
\BOOKMARK [1][-]{section.26.2}{\376\377\116\214\153\041\127\213\166\204\150\007\121\306\137\142}{chapter.26}% 90
\BOOKMARK [1][-]{section.26.3}{\376\377\140\357\140\047\133\232\164\006}{chapter.26}% 91
\BOOKMARK [0][-]{chapter.27}{\376\377\176\277\140\047\116\343\145\160\116\016\131\032\121\103\137\256\171\357\122\006}{}% 92
\BOOKMARK [1][-]{section.27.1}{\376\377\124\021\221\317\121\375\145\160\166\204\133\374\145\160}{chapter.27}% 93
\BOOKMARK [1][-]{section.27.2}{\376\377\210\114\122\027\137\017\166\204\133\374\145\160}{chapter.27}% 94
\BOOKMARK [1][-]{section.27.3}{\376\377\226\305\123\357\153\324\210\114\122\027\137\017}{chapter.27}% 95
